<?xml version="1.0" encoding="UTF-8"?>
<!-- Generated by org.testng.reporters.JUnitReportReporter -->
<testsuite hostname="Active30" failures="0" tests="1" name="testBase.Testing" time="0.010" errors="0" timestamp="04 Apr 2024 12:39:36 GMT" skipped="0">
  <testcase classname="testBase.Testing" name="test" time="0.010"/>
</testsuite> <!-- testBase.Testing -->
