<?xml version="1.0" encoding="UTF-8"?>
<!-- Generated by org.testng.reporters.JUnitReportReporter -->
<testsuite hostname="Active30" failures="0" tests="2" name="pageObject.Trial" time="17.904" errors="0" timestamp="25 Apr 2024 10:00:35 GMT" skipped="0">
  <testcase classname="pageObject.Trial" name="test" time="7.283"/>
  <testcase classname="pageObject.Trial" name="beneficiary" time="10.621"/>
</testsuite> <!-- pageObject.Trial -->
