<?xml version="1.0" encoding="UTF-8"?>
<!-- Generated by org.testng.reporters.JUnitReportReporter -->
<testsuite hostname="Active30" failures="0" tests="1" name="testBase.BaseClass" time="5.244" errors="0" timestamp="04 Apr 2024 12:40:01 GMT" skipped="0">
  <testcase classname="testBase.BaseClass" name="test" time="5.244"/>
</testsuite> <!-- testBase.BaseClass -->
